Build started 2015-11-12 17:35:57.
     1>Project "C:\Users\d038395\Documents\Visual Studio 2015\Projects\TL_VirtualPlatform\TL_VirtualPlatform\TL_VirtualPlatform.vcxproj" on node 2 (Build target(s)).
     1>ClCompile:
         E:\Program Files (x86)\Microsoft Visual Studio 14.0\VC\bin\CL.exe /c /ZI /nologo /W3 /WX- /sdl /Od /Oy- /D WIN32 /D _DEBUG /D _CONSOLE /D _CRT_SECURE_NO_WARNINGS /D _UNICODE /D UNICODE /Gm /EHsc /RTC1 /MTd /GS /fp:precise /Zc:wchar_t /Zc:forScope /Zc:inline /Fo"Debug\\" /Fd"Debug\vc140.pdb" /Gd /TP /analyze- /errorReport:prompt /vmg Bus.cpp PIO_HW.cpp TLC.cpp TestBench.cpp carDriver.cpp lightDriver.cpp main.cpp timerDriver.cpp timer_hw.cpp
         timer_hw.cpp
         Unknown compiler version - please run the configure tests and report the results
         timerDriver.cpp
         Unknown compiler version - please run the configure tests and report the results
         main.cpp
         Unknown compiler version - please run the configure tests and report the results
         lightDriver.cpp
         Unknown compiler version - please run the configure tests and report the results
         carDriver.cpp
         Unknown compiler version - please run the configure tests and report the results
         TestBench.cpp
         Unknown compiler version - please run the configure tests and report the results
         TLC.cpp
         Unknown compiler version - please run the configure tests and report the results
         PIO_HW.cpp
         Unknown compiler version - please run the configure tests and report the results
         Bus.cpp
         Unknown compiler version - please run the configure tests and report the results
         Generating Code...
       Link:
         E:\Program Files (x86)\Microsoft Visual Studio 14.0\VC\bin\link.exe /ERRORREPORT:PROMPT /OUT:"C:\Users\d038395\Documents\Visual Studio 2015\Projects\TL_VirtualPlatform\Debug\TL_VirtualPlatform.exe" /INCREMENTAL /NOLOGO systemc.lib kernel32.lib user32.lib gdi32.lib winspool.lib comdlg32.lib advapi32.lib shell32.lib ole32.lib oleaut32.lib uuid.lib odbc32.lib odbccp32.lib /MANIFEST /MANIFESTUAC:"level='asInvoker' uiAccess='false'" /manifest:embed /Debug /PDB:"C:\Users\d038395\Documents\Visual Studio 2015\Projects\TL_VirtualPlatform\Debug\TL_VirtualPlatform.pdb" /SUBSYSTEM:CONSOLE /TLBID:1 /DYNAMICBASE /NXCOMPAT /IMPLIB:"C:\Users\d038395\Documents\Visual Studio 2015\Projects\TL_VirtualPlatform\Debug\TL_VirtualPlatform.lib" /MACHINE:X86 Debug\Bus.obj
         Debug\carDriver.obj
         Debug\lightDriver.obj
         Debug\main.obj
         Debug\PIO_HW.obj
         Debug\TestBench.obj
         Debug\timerDriver.obj
         Debug\timer_hw.obj
         Debug\TLC.obj
         LINK : C:\Users\d038395\Documents\Visual Studio 2015\Projects\TL_VirtualPlatform\Debug\TL_VirtualPlatform.exe not found or not built by the last incremental link; performing full link
         TL_VirtualPlatform.vcxproj -> C:\Users\d038395\Documents\Visual Studio 2015\Projects\TL_VirtualPlatform\Debug\TL_VirtualPlatform.exe
     1>Done Building Project "C:\Users\d038395\Documents\Visual Studio 2015\Projects\TL_VirtualPlatform\TL_VirtualPlatform\TL_VirtualPlatform.vcxproj" (Build target(s)).

Build succeeded.

Time Elapsed 00:00:15.80
