c:\users\d038395\documents\visual studio 2015\projects\tl_virtualplatform\tl_virtualplatform\debug\vc140.pdb
c:\users\d038395\documents\visual studio 2015\projects\tl_virtualplatform\tl_virtualplatform\debug\vc140.idb
c:\users\d038395\documents\visual studio 2015\projects\tl_virtualplatform\tl_virtualplatform\debug\bus.obj
c:\users\d038395\documents\visual studio 2015\projects\tl_virtualplatform\tl_virtualplatform\debug\cardriver.obj
c:\users\d038395\documents\visual studio 2015\projects\tl_virtualplatform\tl_virtualplatform\debug\lightdriver.obj
c:\users\d038395\documents\visual studio 2015\projects\tl_virtualplatform\tl_virtualplatform\debug\main.obj
c:\users\d038395\documents\visual studio 2015\projects\tl_virtualplatform\tl_virtualplatform\debug\pio_hw.obj
c:\users\d038395\documents\visual studio 2015\projects\tl_virtualplatform\tl_virtualplatform\debug\testbench.obj
c:\users\d038395\documents\visual studio 2015\projects\tl_virtualplatform\tl_virtualplatform\debug\timerdriver.obj
c:\users\d038395\documents\visual studio 2015\projects\tl_virtualplatform\tl_virtualplatform\debug\timer_hw.obj
c:\users\d038395\documents\visual studio 2015\projects\tl_virtualplatform\tl_virtualplatform\debug\tlc.obj
c:\users\d038395\documents\visual studio 2015\projects\tl_virtualplatform\debug\tl_virtualplatform.ilk
c:\users\d038395\documents\visual studio 2015\projects\tl_virtualplatform\debug\tl_virtualplatform.exe
c:\users\d038395\documents\visual studio 2015\projects\tl_virtualplatform\debug\tl_virtualplatform.pdb
c:\users\d038395\documents\visual studio 2015\projects\tl_virtualplatform\tl_virtualplatform\debug\tl_virtu.16ea0a20.tlog\cl.command.1.tlog
c:\users\d038395\documents\visual studio 2015\projects\tl_virtualplatform\tl_virtualplatform\debug\tl_virtu.16ea0a20.tlog\cl.read.1.tlog
c:\users\d038395\documents\visual studio 2015\projects\tl_virtualplatform\tl_virtualplatform\debug\tl_virtu.16ea0a20.tlog\cl.write.1.tlog
c:\users\d038395\documents\visual studio 2015\projects\tl_virtualplatform\tl_virtualplatform\debug\tl_virtu.16ea0a20.tlog\link.command.1.tlog
c:\users\d038395\documents\visual studio 2015\projects\tl_virtualplatform\tl_virtualplatform\debug\tl_virtu.16ea0a20.tlog\link.read.1.tlog
c:\users\d038395\documents\visual studio 2015\projects\tl_virtualplatform\tl_virtualplatform\debug\tl_virtu.16ea0a20.tlog\link.write.1.tlog
